<?xml version="1.0" encoding="UTF-8"?>
<!-- Generated by org.testng.reporters.JUnitXMLReporter -->
<testsuite ignored="0" hostname="DESKTOP-GUPA5RI" failures="6" tests="30" name="TestNG" time="594.974" errors="0" timestamp="2021-07-27T17:00:27 EDT">
  <testcase classname="com.qa.tests.ProductPageTest" name="CorrectProductAddedTest" time="15.556"/>
  <testcase classname="com.qa.tests.ProductPageTest" name="CorrectProductAddedTest" time="15.311"/>
  <testcase classname="com.qa.tests.ProductPageTest" name="CorrectProductAddedTest" time="15.094"/>
  <testcase classname="com.qa.tests.ProductPageTest" name="AddToCartBtnTest" time="12.764"/>
  <testcase classname="com.qa.tests.ProductPageTest" name="AddToCartBtnTest" time="12.791"/>
  <testcase classname="com.qa.tests.ProductPageTest" name="AddToCartBtnTest" time="13.231"/>
  <testcase classname="com.qa.tests.ShoppingCartPageTest" name="DeleteBtnFunctionalityTest" time="11.081">
    <failure type="java.lang.AssertionError" message="expected [0] but found [9]">
      <![CDATA[java.lang.AssertionError: expected [0] but found [9]
at com.qa.tests.ShoppingCartPageTest.DeleteBtnFunctionalityTest(ShoppingCartPageTest.java:48)
at java.base/java.util.ArrayList.forEach(ArrayList.java:1541)
... Removed 33 stack frames]]>
    </failure>
  </testcase> <!-- DeleteBtnFunctionalityTest -->
  <testcase classname="com.qa.tests.ShoppingCartPageTest" name="DeleteBtnFunctionalityTest" time="11.492">
    <failure type="java.lang.AssertionError" message="expected [0] but found [9]">
      <![CDATA[java.lang.AssertionError: expected [0] but found [9]
at com.qa.tests.ShoppingCartPageTest.DeleteBtnFunctionalityTest(ShoppingCartPageTest.java:48)
at java.base/java.util.ArrayList.forEach(ArrayList.java:1541)
... Removed 33 stack frames]]>
    </failure>
  </testcase> <!-- DeleteBtnFunctionalityTest -->
  <testcase classname="com.qa.tests.ShoppingCartPageTest" name="DeleteBtnFunctionalityTest" time="11.697">
    <failure type="java.lang.AssertionError" message="expected [0] but found [9]">
      <![CDATA[java.lang.AssertionError: expected [0] but found [9]
at com.qa.tests.ShoppingCartPageTest.DeleteBtnFunctionalityTest(ShoppingCartPageTest.java:48)
at java.base/java.util.ArrayList.forEach(ArrayList.java:1541)
... Removed 33 stack frames]]>
    </failure>
  </testcase> <!-- DeleteBtnFunctionalityTest -->
  <testcase classname="com.qa.tests.ShoppingCartPageTest" name="PlaceOrderBtnVerify" time="10.281"/>
  <testcase classname="com.qa.tests.ShoppingCartPageTest" name="PlaceOrderBtnVerify" time="10.289"/>
  <testcase classname="com.qa.tests.ShoppingCartPageTest" name="PlaceOrderBtnVerify" time="10.581"/>
  <testcase classname="com.qa.tests.ShoppingCartPageTest" name="ProductNameTest" time="10.641">
    <failure type="java.lang.AssertionError" message="expected [MacBook Pro] but found [Nexus 6]">
      <![CDATA[java.lang.AssertionError: expected [MacBook Pro] but found [Nexus 6]
at com.qa.tests.ShoppingCartPageTest.ProductNameTest(ShoppingCartPageTest.java:57)
at java.base/java.util.ArrayList.forEach(ArrayList.java:1541)
... Removed 33 stack frames]]>
    </failure>
  </testcase> <!-- ProductNameTest -->
  <testcase classname="com.qa.tests.ShoppingCartPageTest" name="ProductNameTest" time="10.74">
    <failure type="java.lang.AssertionError" message="expected [ASUS Full HD] but found [MacBook Pro]">
      <![CDATA[java.lang.AssertionError: expected [ASUS Full HD] but found [MacBook Pro]
at com.qa.tests.ShoppingCartPageTest.ProductNameTest(ShoppingCartPageTest.java:57)
at java.base/java.util.ArrayList.forEach(ArrayList.java:1541)
... Removed 33 stack frames]]>
    </failure>
  </testcase> <!-- ProductNameTest -->
  <testcase classname="com.qa.tests.ShoppingCartPageTest" name="ProductNameTest" time="12.846"/>
  <testcase classname="com.qa.tests.PersonalDetailsFormTest" name="fillFormTest" time="12.681"/>
  <testcase classname="com.qa.tests.PersonalDetailsFormTest" name="fillFormTest" time="12.632"/>
  <testcase classname="com.qa.tests.PersonalDetailsFormTest" name="fillFormTest" time="13.089"/>
  <testcase classname="com.qa.tests.PersonalDetailsFormTest" name="fillFormTest" time="12.932"/>
  <testcase classname="com.qa.tests.PersonalDetailsFormTest" name="fillFormTest" time="12.418"/>
  <testcase classname="com.qa.tests.PersonalDetailsFormTest" name="fillFormTest" time="12.371"/>
  <testcase classname="com.qa.tests.HomePageTest" name="LoginSuccessfulTest" time="0.147"/>
  <testcase classname="com.qa.tests.HomePageTest" name="LogoutPresentTest" time="0.272"/>
  <testcase classname="com.qa.tests.HomePageTest" name="productSelection" time="5.748"/>
  <testcase classname="com.qa.tests.HomePageTest" name="productSelection" time="5.769"/>
  <testcase classname="com.qa.tests.HomePageTest" name="productSelection" time="5.672"/>
  <testcase classname="com.qa.tests.IndexPageTest" name="PageTitleTest" time="0.007"/>
  <testcase classname="com.qa.tests.IndexPageTest" name="LinksPresentTest" time="0.002">
    <failure type="java.lang.AssertionError" message="expected [true] but found [false]">
      <![CDATA[java.lang.AssertionError: expected [true] but found [false]
at com.qa.tests.IndexPageTest.LinksPresentTest(IndexPageTest.java:49)
at java.base/java.util.ArrayList.forEach(ArrayList.java:1541)
... Removed 31 stack frames]]>
    </failure>
  </testcase> <!-- LinksPresentTest -->
  <testcase classname="com.qa.tests.IndexPageTest" name="LoginFunctionalityTest" time="6.689"/>
  <testcase classname="com.qa.tests.IndexPageTest" name="AboutUsFooterTest" time="0.026"/>
</testsuite> <!-- TestNG -->
