<html>
<head>
<title>TestNG:  TestNG</title>
<link href="../testng.css" rel="stylesheet" type="text/css" />
<link href="../my-testng.css" rel="stylesheet" type="text/css" />

<style type="text/css">
.log { display: none;} 
.stack-trace { display: none;} 
</style>
<script type="text/javascript">
<!--
function flip(e) {
  current = e.style.display;
  if (current == 'block') {
    e.style.display = 'none';
    return 0;
  }
  else {
    e.style.display = 'block';
    return 1;
  }
}

function toggleBox(szDivId, elem, msg1, msg2)
{
  var res = -1;  if (document.getElementById) {
    res = flip(document.getElementById(szDivId));
  }
  else if (document.all) {
    // this is the way old msie versions work
    res = flip(document.all[szDivId]);
  }
  if(elem) {
    if(res == 0) elem.innerHTML = msg1; else elem.innerHTML = msg2;
  }

}

function toggleAllBoxes() {
  if (document.getElementsByTagName) {
    d = document.getElementsByTagName('div');
    for (i = 0; i < d.length; i++) {
      if (d[i].className == 'log') {
        flip(d[i]);
      }
    }
  }
}

// -->
</script>

</head>
<body>
<h2 align='center'>TestNG</h2><table border='1' align="center">
<tr>
<td>Tests passed/Failed/Skipped:</td><td>24/6/0</td>
</tr><tr>
<td>Started on:</td><td>Tue Jul 27 16:50:32 EDT 2021</td>
</tr>
<tr><td>Total time:</td><td>594 seconds (594974 ms)</td>
</tr><tr>
<td>Included groups:</td><td></td>
</tr><tr>
<td>Excluded groups:</td><td></td>
</tr>
</table><p/>
<small><i>(Hover the method name to see the test class name)</i></small><p/>
<table width='100%' border='1' class='invocation-failed'>
<tr><td colspan='4' align='center'><b>FAILED TESTS</b></td></tr>
<tr><td><b>Test method</b></td>
<td width="30%"><b>Exception</b></td>
<td width="10%"><b>Time (seconds)</b></td>
<td><b>Instance</b></td>
</tr>
<tr>
<td title='com.qa.tests.ShoppingCartPageTest.DeleteBtnFunctionalityTest()'><b>DeleteBtnFunctionalityTest</b><br>Test class: com.qa.tests.ShoppingCartPageTest<br>Parameters: Phones, Nexus 6</td>
<td><div><pre>java.lang.AssertionError: expected [0] but found [9]
	at com.qa.tests.ShoppingCartPageTest.DeleteBtnFunctionalityTest(ShoppingCartPageTest.java:48)
	at java.base/java.util.ArrayList.forEach(ArrayList.java:1541)
... Removed 33 stack frames</pre></div><a href='#' onClick='toggleBox("stack-trace2004687135", this, "Click to show all stack frames", "Click to hide stack frames")'>Click to show all stack frames</a>
<div class='stack-trace' id='stack-trace2004687135'><pre>java.lang.AssertionError: expected [0] but found [9]
	at org.testng.Assert.fail(Assert.java:99)
	at org.testng.Assert.failNotEquals(Assert.java:1037)
	at org.testng.Assert.assertEqualsImpl(Assert.java:140)
	at org.testng.Assert.assertEquals(Assert.java:122)
	at org.testng.Assert.assertEquals(Assert.java:907)
	at org.testng.Assert.assertEquals(Assert.java:917)
	at com.qa.tests.ShoppingCartPageTest.DeleteBtnFunctionalityTest(ShoppingCartPageTest.java:48)
	at java.base/jdk.internal.reflect.NativeMethodAccessorImpl.invoke0(Native Method)
	at java.base/jdk.internal.reflect.NativeMethodAccessorImpl.invoke(NativeMethodAccessorImpl.java:62)
	at java.base/jdk.internal.reflect.DelegatingMethodAccessorImpl.invoke(DelegatingMethodAccessorImpl.java:43)
	at java.base/java.lang.reflect.Method.invoke(Method.java:566)
	at org.testng.internal.MethodInvocationHelper.invokeMethod(MethodInvocationHelper.java:133)
	at org.testng.internal.TestInvoker.invokeMethod(TestInvoker.java:598)
	at org.testng.internal.TestInvoker.invokeTestMethod(TestInvoker.java:173)
	at org.testng.internal.MethodRunner.runInSequence(MethodRunner.java:46)
	at org.testng.internal.TestInvoker$MethodInvocationAgent.invoke(TestInvoker.java:824)
	at org.testng.internal.TestInvoker.invokeTestMethods(TestInvoker.java:146)
	at org.testng.internal.TestMethodWorker.invokeTestMethods(TestMethodWorker.java:146)
	at org.testng.internal.TestMethodWorker.run(TestMethodWorker.java:128)
	at java.base/java.util.ArrayList.forEach(ArrayList.java:1541)
	at org.testng.TestRunner.privateRun(TestRunner.java:794)
	at org.testng.TestRunner.run(TestRunner.java:596)
	at org.testng.SuiteRunner.runTest(SuiteRunner.java:377)
	at org.testng.SuiteRunner.runSequentially(SuiteRunner.java:371)
	at org.testng.SuiteRunner.privateRun(SuiteRunner.java:332)
	at org.testng.SuiteRunner.run(SuiteRunner.java:276)
	at org.testng.SuiteRunnerWorker.runSuite(SuiteRunnerWorker.java:53)
	at org.testng.SuiteRunnerWorker.run(SuiteRunnerWorker.java:96)
	at org.testng.TestNG.runSuitesSequentially(TestNG.java:1212)
	at org.testng.TestNG.runSuitesLocally(TestNG.java:1134)
	at org.testng.TestNG.runSuites(TestNG.java:1063)
	at org.testng.TestNG.run(TestNG.java:1031)
	at org.testng.remote.AbstractRemoteTestNG.run(AbstractRemoteTestNG.java:115)
	at org.testng.remote.RemoteTestNG.initAndRun(RemoteTestNG.java:251)
	at org.testng.remote.RemoteTestNG.main(RemoteTestNG.java:77)
</pre></div></td>
<td>11</td>
<td>com.qa.tests.ShoppingCartPageTest@2f217633</td></tr>
<tr>
<td title='com.qa.tests.ShoppingCartPageTest.DeleteBtnFunctionalityTest()'><b>DeleteBtnFunctionalityTest</b><br>Test class: com.qa.tests.ShoppingCartPageTest<br>Parameters: Laptops, MacBook Pro</td>
<td><div><pre>java.lang.AssertionError: expected [0] but found [9]
	at com.qa.tests.ShoppingCartPageTest.DeleteBtnFunctionalityTest(ShoppingCartPageTest.java:48)
	at java.base/java.util.ArrayList.forEach(ArrayList.java:1541)
... Removed 33 stack frames</pre></div><a href='#' onClick='toggleBox("stack-trace1007550632", this, "Click to show all stack frames", "Click to hide stack frames")'>Click to show all stack frames</a>
<div class='stack-trace' id='stack-trace1007550632'><pre>java.lang.AssertionError: expected [0] but found [9]
	at org.testng.Assert.fail(Assert.java:99)
	at org.testng.Assert.failNotEquals(Assert.java:1037)
	at org.testng.Assert.assertEqualsImpl(Assert.java:140)
	at org.testng.Assert.assertEquals(Assert.java:122)
	at org.testng.Assert.assertEquals(Assert.java:907)
	at org.testng.Assert.assertEquals(Assert.java:917)
	at com.qa.tests.ShoppingCartPageTest.DeleteBtnFunctionalityTest(ShoppingCartPageTest.java:48)
	at java.base/jdk.internal.reflect.NativeMethodAccessorImpl.invoke0(Native Method)
	at java.base/jdk.internal.reflect.NativeMethodAccessorImpl.invoke(NativeMethodAccessorImpl.java:62)
	at java.base/jdk.internal.reflect.DelegatingMethodAccessorImpl.invoke(DelegatingMethodAccessorImpl.java:43)
	at java.base/java.lang.reflect.Method.invoke(Method.java:566)
	at org.testng.internal.MethodInvocationHelper.invokeMethod(MethodInvocationHelper.java:133)
	at org.testng.internal.TestInvoker.invokeMethod(TestInvoker.java:598)
	at org.testng.internal.TestInvoker.invokeTestMethod(TestInvoker.java:173)
	at org.testng.internal.MethodRunner.runInSequence(MethodRunner.java:46)
	at org.testng.internal.TestInvoker$MethodInvocationAgent.invoke(TestInvoker.java:824)
	at org.testng.internal.TestInvoker.invokeTestMethods(TestInvoker.java:146)
	at org.testng.internal.TestMethodWorker.invokeTestMethods(TestMethodWorker.java:146)
	at org.testng.internal.TestMethodWorker.run(TestMethodWorker.java:128)
	at java.base/java.util.ArrayList.forEach(ArrayList.java:1541)
	at org.testng.TestRunner.privateRun(TestRunner.java:794)
	at org.testng.TestRunner.run(TestRunner.java:596)
	at org.testng.SuiteRunner.runTest(SuiteRunner.java:377)
	at org.testng.SuiteRunner.runSequentially(SuiteRunner.java:371)
	at org.testng.SuiteRunner.privateRun(SuiteRunner.java:332)
	at org.testng.SuiteRunner.run(SuiteRunner.java:276)
	at org.testng.SuiteRunnerWorker.runSuite(SuiteRunnerWorker.java:53)
	at org.testng.SuiteRunnerWorker.run(SuiteRunnerWorker.java:96)
	at org.testng.TestNG.runSuitesSequentially(TestNG.java:1212)
	at org.testng.TestNG.runSuitesLocally(TestNG.java:1134)
	at org.testng.TestNG.runSuites(TestNG.java:1063)
	at org.testng.TestNG.run(TestNG.java:1031)
	at org.testng.remote.AbstractRemoteTestNG.run(AbstractRemoteTestNG.java:115)
	at org.testng.remote.RemoteTestNG.initAndRun(RemoteTestNG.java:251)
	at org.testng.remote.RemoteTestNG.main(RemoteTestNG.java:77)
</pre></div></td>
<td>11</td>
<td>com.qa.tests.ShoppingCartPageTest@2f217633</td></tr>
<tr>
<td title='com.qa.tests.ShoppingCartPageTest.ProductNameTest()'><b>ProductNameTest</b><br>Test class: com.qa.tests.ShoppingCartPageTest<br>Parameters: Laptops, MacBook Pro</td>
<td><div><pre>java.lang.AssertionError: expected [ASUS Full HD] but found [MacBook Pro]
	at com.qa.tests.ShoppingCartPageTest.ProductNameTest(ShoppingCartPageTest.java:57)
	at java.base/java.util.ArrayList.forEach(ArrayList.java:1541)
... Removed 33 stack frames</pre></div><a href='#' onClick='toggleBox("stack-trace1444477983", this, "Click to show all stack frames", "Click to hide stack frames")'>Click to show all stack frames</a>
<div class='stack-trace' id='stack-trace1444477983'><pre>java.lang.AssertionError: expected [ASUS Full HD] but found [MacBook Pro]
	at org.testng.Assert.fail(Assert.java:99)
	at org.testng.Assert.failNotEquals(Assert.java:1037)
	at org.testng.Assert.assertEqualsImpl(Assert.java:140)
	at org.testng.Assert.assertEquals(Assert.java:122)
	at org.testng.Assert.assertEquals(Assert.java:629)
	at org.testng.Assert.assertEquals(Assert.java:639)
	at com.qa.tests.ShoppingCartPageTest.ProductNameTest(ShoppingCartPageTest.java:57)
	at java.base/jdk.internal.reflect.NativeMethodAccessorImpl.invoke0(Native Method)
	at java.base/jdk.internal.reflect.NativeMethodAccessorImpl.invoke(NativeMethodAccessorImpl.java:62)
	at java.base/jdk.internal.reflect.DelegatingMethodAccessorImpl.invoke(DelegatingMethodAccessorImpl.java:43)
	at java.base/java.lang.reflect.Method.invoke(Method.java:566)
	at org.testng.internal.MethodInvocationHelper.invokeMethod(MethodInvocationHelper.java:133)
	at org.testng.internal.TestInvoker.invokeMethod(TestInvoker.java:598)
	at org.testng.internal.TestInvoker.invokeTestMethod(TestInvoker.java:173)
	at org.testng.internal.MethodRunner.runInSequence(MethodRunner.java:46)
	at org.testng.internal.TestInvoker$MethodInvocationAgent.invoke(TestInvoker.java:824)
	at org.testng.internal.TestInvoker.invokeTestMethods(TestInvoker.java:146)
	at org.testng.internal.TestMethodWorker.invokeTestMethods(TestMethodWorker.java:146)
	at org.testng.internal.TestMethodWorker.run(TestMethodWorker.java:128)
	at java.base/java.util.ArrayList.forEach(ArrayList.java:1541)
	at org.testng.TestRunner.privateRun(TestRunner.java:794)
	at org.testng.TestRunner.run(TestRunner.java:596)
	at org.testng.SuiteRunner.runTest(SuiteRunner.java:377)
	at org.testng.SuiteRunner.runSequentially(SuiteRunner.java:371)
	at org.testng.SuiteRunner.privateRun(SuiteRunner.java:332)
	at org.testng.SuiteRunner.run(SuiteRunner.java:276)
	at org.testng.SuiteRunnerWorker.runSuite(SuiteRunnerWorker.java:53)
	at org.testng.SuiteRunnerWorker.run(SuiteRunnerWorker.java:96)
	at org.testng.TestNG.runSuitesSequentially(TestNG.java:1212)
	at org.testng.TestNG.runSuitesLocally(TestNG.java:1134)
	at org.testng.TestNG.runSuites(TestNG.java:1063)
	at org.testng.TestNG.run(TestNG.java:1031)
	at org.testng.remote.AbstractRemoteTestNG.run(AbstractRemoteTestNG.java:115)
	at org.testng.remote.RemoteTestNG.initAndRun(RemoteTestNG.java:251)
	at org.testng.remote.RemoteTestNG.main(RemoteTestNG.java:77)
</pre></div></td>
<td>10</td>
<td>com.qa.tests.ShoppingCartPageTest@2f217633</td></tr>
<tr>
<td title='com.qa.tests.ShoppingCartPageTest.ProductNameTest()'><b>ProductNameTest</b><br>Test class: com.qa.tests.ShoppingCartPageTest<br>Parameters: Phones, Nexus 6</td>
<td><div><pre>java.lang.AssertionError: expected [MacBook Pro] but found [Nexus 6]
	at com.qa.tests.ShoppingCartPageTest.ProductNameTest(ShoppingCartPageTest.java:57)
	at java.base/java.util.ArrayList.forEach(ArrayList.java:1541)
... Removed 33 stack frames</pre></div><a href='#' onClick='toggleBox("stack-trace888648783", this, "Click to show all stack frames", "Click to hide stack frames")'>Click to show all stack frames</a>
<div class='stack-trace' id='stack-trace888648783'><pre>java.lang.AssertionError: expected [MacBook Pro] but found [Nexus 6]
	at org.testng.Assert.fail(Assert.java:99)
	at org.testng.Assert.failNotEquals(Assert.java:1037)
	at org.testng.Assert.assertEqualsImpl(Assert.java:140)
	at org.testng.Assert.assertEquals(Assert.java:122)
	at org.testng.Assert.assertEquals(Assert.java:629)
	at org.testng.Assert.assertEquals(Assert.java:639)
	at com.qa.tests.ShoppingCartPageTest.ProductNameTest(ShoppingCartPageTest.java:57)
	at java.base/jdk.internal.reflect.NativeMethodAccessorImpl.invoke0(Native Method)
	at java.base/jdk.internal.reflect.NativeMethodAccessorImpl.invoke(NativeMethodAccessorImpl.java:62)
	at java.base/jdk.internal.reflect.DelegatingMethodAccessorImpl.invoke(DelegatingMethodAccessorImpl.java:43)
	at java.base/java.lang.reflect.Method.invoke(Method.java:566)
	at org.testng.internal.MethodInvocationHelper.invokeMethod(MethodInvocationHelper.java:133)
	at org.testng.internal.TestInvoker.invokeMethod(TestInvoker.java:598)
	at org.testng.internal.TestInvoker.invokeTestMethod(TestInvoker.java:173)
	at org.testng.internal.MethodRunner.runInSequence(MethodRunner.java:46)
	at org.testng.internal.TestInvoker$MethodInvocationAgent.invoke(TestInvoker.java:824)
	at org.testng.internal.TestInvoker.invokeTestMethods(TestInvoker.java:146)
	at org.testng.internal.TestMethodWorker.invokeTestMethods(TestMethodWorker.java:146)
	at org.testng.internal.TestMethodWorker.run(TestMethodWorker.java:128)
	at java.base/java.util.ArrayList.forEach(ArrayList.java:1541)
	at org.testng.TestRunner.privateRun(TestRunner.java:794)
	at org.testng.TestRunner.run(TestRunner.java:596)
	at org.testng.SuiteRunner.runTest(SuiteRunner.java:377)
	at org.testng.SuiteRunner.runSequentially(SuiteRunner.java:371)
	at org.testng.SuiteRunner.privateRun(SuiteRunner.java:332)
	at org.testng.SuiteRunner.run(SuiteRunner.java:276)
	at org.testng.SuiteRunnerWorker.runSuite(SuiteRunnerWorker.java:53)
	at org.testng.SuiteRunnerWorker.run(SuiteRunnerWorker.java:96)
	at org.testng.TestNG.runSuitesSequentially(TestNG.java:1212)
	at org.testng.TestNG.runSuitesLocally(TestNG.java:1134)
	at org.testng.TestNG.runSuites(TestNG.java:1063)
	at org.testng.TestNG.run(TestNG.java:1031)
	at org.testng.remote.AbstractRemoteTestNG.run(AbstractRemoteTestNG.java:115)
	at org.testng.remote.RemoteTestNG.initAndRun(RemoteTestNG.java:251)
	at org.testng.remote.RemoteTestNG.main(RemoteTestNG.java:77)
</pre></div></td>
<td>10</td>
<td>com.qa.tests.ShoppingCartPageTest@2f217633</td></tr>
<tr>
<td title='com.qa.tests.IndexPageTest.LinksPresentTest()'><b>LinksPresentTest</b><br>Test class: com.qa.tests.IndexPageTest</td>
<td><div><pre>java.lang.AssertionError: expected [true] but found [false]
	at com.qa.tests.IndexPageTest.LinksPresentTest(IndexPageTest.java:49)
	at java.base/java.util.ArrayList.forEach(ArrayList.java:1541)
... Removed 31 stack frames</pre></div><a href='#' onClick='toggleBox("stack-trace846052901", this, "Click to show all stack frames", "Click to hide stack frames")'>Click to show all stack frames</a>
<div class='stack-trace' id='stack-trace846052901'><pre>java.lang.AssertionError: expected [true] but found [false]
	at org.testng.Assert.fail(Assert.java:99)
	at org.testng.Assert.failNotEquals(Assert.java:1037)
	at org.testng.Assert.assertTrue(Assert.java:45)
	at org.testng.Assert.assertTrue(Assert.java:55)
	at com.qa.tests.IndexPageTest.LinksPresentTest(IndexPageTest.java:49)
	at java.base/jdk.internal.reflect.NativeMethodAccessorImpl.invoke0(Native Method)
	at java.base/jdk.internal.reflect.NativeMethodAccessorImpl.invoke(NativeMethodAccessorImpl.java:62)
	at java.base/jdk.internal.reflect.DelegatingMethodAccessorImpl.invoke(DelegatingMethodAccessorImpl.java:43)
	at java.base/java.lang.reflect.Method.invoke(Method.java:566)
	at org.testng.internal.MethodInvocationHelper.invokeMethod(MethodInvocationHelper.java:133)
	at org.testng.internal.TestInvoker.invokeMethod(TestInvoker.java:598)
	at org.testng.internal.TestInvoker.invokeTestMethod(TestInvoker.java:173)
	at org.testng.internal.MethodRunner.runInSequence(MethodRunner.java:46)
	at org.testng.internal.TestInvoker$MethodInvocationAgent.invoke(TestInvoker.java:824)
	at org.testng.internal.TestInvoker.invokeTestMethods(TestInvoker.java:146)
	at org.testng.internal.TestMethodWorker.invokeTestMethods(TestMethodWorker.java:146)
	at org.testng.internal.TestMethodWorker.run(TestMethodWorker.java:128)
	at java.base/java.util.ArrayList.forEach(ArrayList.java:1541)
	at org.testng.TestRunner.privateRun(TestRunner.java:794)
	at org.testng.TestRunner.run(TestRunner.java:596)
	at org.testng.SuiteRunner.runTest(SuiteRunner.java:377)
	at org.testng.SuiteRunner.runSequentially(SuiteRunner.java:371)
	at org.testng.SuiteRunner.privateRun(SuiteRunner.java:332)
	at org.testng.SuiteRunner.run(SuiteRunner.java:276)
	at org.testng.SuiteRunnerWorker.runSuite(SuiteRunnerWorker.java:53)
	at org.testng.SuiteRunnerWorker.run(SuiteRunnerWorker.java:96)
	at org.testng.TestNG.runSuitesSequentially(TestNG.java:1212)
	at org.testng.TestNG.runSuitesLocally(TestNG.java:1134)
	at org.testng.TestNG.runSuites(TestNG.java:1063)
	at org.testng.TestNG.run(TestNG.java:1031)
	at org.testng.remote.AbstractRemoteTestNG.run(AbstractRemoteTestNG.java:115)
	at org.testng.remote.RemoteTestNG.initAndRun(RemoteTestNG.java:251)
	at org.testng.remote.RemoteTestNG.main(RemoteTestNG.java:77)
</pre></div></td>
<td>0</td>
<td>com.qa.tests.IndexPageTest@6cd28fa7</td></tr>
<tr>
<td title='com.qa.tests.ShoppingCartPageTest.DeleteBtnFunctionalityTest()'><b>DeleteBtnFunctionalityTest</b><br>Test class: com.qa.tests.ShoppingCartPageTest<br>Parameters: Monitors, ASUS Full HD</td>
<td><div><pre>java.lang.AssertionError: expected [0] but found [9]
	at com.qa.tests.ShoppingCartPageTest.DeleteBtnFunctionalityTest(ShoppingCartPageTest.java:48)
	at java.base/java.util.ArrayList.forEach(ArrayList.java:1541)
... Removed 33 stack frames</pre></div><a href='#' onClick='toggleBox("stack-trace66515916", this, "Click to show all stack frames", "Click to hide stack frames")'>Click to show all stack frames</a>
<div class='stack-trace' id='stack-trace66515916'><pre>java.lang.AssertionError: expected [0] but found [9]
	at org.testng.Assert.fail(Assert.java:99)
	at org.testng.Assert.failNotEquals(Assert.java:1037)
	at org.testng.Assert.assertEqualsImpl(Assert.java:140)
	at org.testng.Assert.assertEquals(Assert.java:122)
	at org.testng.Assert.assertEquals(Assert.java:907)
	at org.testng.Assert.assertEquals(Assert.java:917)
	at com.qa.tests.ShoppingCartPageTest.DeleteBtnFunctionalityTest(ShoppingCartPageTest.java:48)
	at java.base/jdk.internal.reflect.NativeMethodAccessorImpl.invoke0(Native Method)
	at java.base/jdk.internal.reflect.NativeMethodAccessorImpl.invoke(NativeMethodAccessorImpl.java:62)
	at java.base/jdk.internal.reflect.DelegatingMethodAccessorImpl.invoke(DelegatingMethodAccessorImpl.java:43)
	at java.base/java.lang.reflect.Method.invoke(Method.java:566)
	at org.testng.internal.MethodInvocationHelper.invokeMethod(MethodInvocationHelper.java:133)
	at org.testng.internal.TestInvoker.invokeMethod(TestInvoker.java:598)
	at org.testng.internal.TestInvoker.invokeTestMethod(TestInvoker.java:173)
	at org.testng.internal.MethodRunner.runInSequence(MethodRunner.java:46)
	at org.testng.internal.TestInvoker$MethodInvocationAgent.invoke(TestInvoker.java:824)
	at org.testng.internal.TestInvoker.invokeTestMethods(TestInvoker.java:146)
	at org.testng.internal.TestMethodWorker.invokeTestMethods(TestMethodWorker.java:146)
	at org.testng.internal.TestMethodWorker.run(TestMethodWorker.java:128)
	at java.base/java.util.ArrayList.forEach(ArrayList.java:1541)
	at org.testng.TestRunner.privateRun(TestRunner.java:794)
	at org.testng.TestRunner.run(TestRunner.java:596)
	at org.testng.SuiteRunner.runTest(SuiteRunner.java:377)
	at org.testng.SuiteRunner.runSequentially(SuiteRunner.java:371)
	at org.testng.SuiteRunner.privateRun(SuiteRunner.java:332)
	at org.testng.SuiteRunner.run(SuiteRunner.java:276)
	at org.testng.SuiteRunnerWorker.runSuite(SuiteRunnerWorker.java:53)
	at org.testng.SuiteRunnerWorker.run(SuiteRunnerWorker.java:96)
	at org.testng.TestNG.runSuitesSequentially(TestNG.java:1212)
	at org.testng.TestNG.runSuitesLocally(TestNG.java:1134)
	at org.testng.TestNG.runSuites(TestNG.java:1063)
	at org.testng.TestNG.run(TestNG.java:1031)
	at org.testng.remote.AbstractRemoteTestNG.run(AbstractRemoteTestNG.java:115)
	at org.testng.remote.RemoteTestNG.initAndRun(RemoteTestNG.java:251)
	at org.testng.remote.RemoteTestNG.main(RemoteTestNG.java:77)
</pre></div></td>
<td>11</td>
<td>com.qa.tests.ShoppingCartPageTest@2f217633</td></tr>
</table><p>
<table width='100%' border='1' class='invocation-passed'>
<tr><td colspan='4' align='center'><b>PASSED TESTS</b></td></tr>
<tr><td><b>Test method</b></td>
<td width="30%"><b>Exception</b></td>
<td width="10%"><b>Time (seconds)</b></td>
<td><b>Instance</b></td>
</tr>
<tr>
<td title='com.qa.tests.ProductPageTest.CorrectProductAddedTest()'><b>CorrectProductAddedTest</b><br>Test class: com.qa.tests.ProductPageTest<br>Parameters: Phones, Nexus 6</td>
<td></td>
<td>15</td>
<td>com.qa.tests.ProductPageTest@50b5ac82</td></tr>
<tr>
<td title='com.qa.tests.ShoppingCartPageTest.PlaceOrderBtnVerify()'><b>PlaceOrderBtnVerify</b><br>Test class: com.qa.tests.ShoppingCartPageTest<br>Parameters: Monitors, ASUS Full HD</td>
<td></td>
<td>10</td>
<td>com.qa.tests.ShoppingCartPageTest@2f217633</td></tr>
<tr>
<td title='com.qa.tests.HomePageTest.LoginSuccessfulTest()'><b>LoginSuccessfulTest</b><br>Test class: com.qa.tests.HomePageTest</td>
<td></td>
<td>0</td>
<td>com.qa.tests.HomePageTest@7e7be63f</td></tr>
<tr>
<td title='com.qa.tests.ProductPageTest.AddToCartBtnTest()'><b>AddToCartBtnTest</b><br>Test class: com.qa.tests.ProductPageTest<br>Parameters: Phones, Nexus 6</td>
<td></td>
<td>12</td>
<td>com.qa.tests.ProductPageTest@50b5ac82</td></tr>
<tr>
<td title='com.qa.tests.IndexPageTest.AboutUsFooterTest()'><b>AboutUsFooterTest</b><br>Test class: com.qa.tests.IndexPageTest</td>
<td></td>
<td>0</td>
<td>com.qa.tests.IndexPageTest@6cd28fa7</td></tr>
<tr>
<td title='com.qa.tests.ShoppingCartPageTest.ProductNameTest()'><b>ProductNameTest</b><br>Test class: com.qa.tests.ShoppingCartPageTest<br>Parameters: Monitors, ASUS Full HD</td>
<td></td>
<td>12</td>
<td>com.qa.tests.ShoppingCartPageTest@2f217633</td></tr>
<tr>
<td title='com.qa.tests.IndexPageTest.PageTitleTest()'><b>PageTitleTest</b><br>Test class: com.qa.tests.IndexPageTest</td>
<td></td>
<td>0</td>
<td>com.qa.tests.IndexPageTest@6cd28fa7</td></tr>
<tr>
<td title='com.qa.tests.PersonalDetailsFormTest.fillFormTest()'><b>fillFormTest</b><br>Test class: com.qa.tests.PersonalDetailsFormTest<br>Parameters: Tom Gallant, Canada, Charlottetown, 1289.0, 5.0, 2024.0</td>
<td></td>
<td>12</td>
<td>com.qa.tests.PersonalDetailsFormTest@a530d0a</td></tr>
<tr>
<td title='com.qa.tests.PersonalDetailsFormTest.fillFormTest()'><b>fillFormTest</b><br>Test class: com.qa.tests.PersonalDetailsFormTest<br>Parameters: Angela Robinson, New Zealand, Auckland, 88451.0, 6.0, 2028.0</td>
<td></td>
<td>12</td>
<td>com.qa.tests.PersonalDetailsFormTest@a530d0a</td></tr>
<tr>
<td title='com.qa.tests.ShoppingCartPageTest.PlaceOrderBtnVerify()'><b>PlaceOrderBtnVerify</b><br>Test class: com.qa.tests.ShoppingCartPageTest<br>Parameters: Phones, Nexus 6</td>
<td></td>
<td>10</td>
<td>com.qa.tests.ShoppingCartPageTest@2f217633</td></tr>
<tr>
<td title='com.qa.tests.PersonalDetailsFormTest.fillFormTest()'><b>fillFormTest</b><br>Test class: com.qa.tests.PersonalDetailsFormTest<br>Parameters: Jennifer Stephens, US, New York, 99788.0, 11.0, 2028.0</td>
<td></td>
<td>13</td>
<td>com.qa.tests.PersonalDetailsFormTest@a530d0a</td></tr>
<tr>
<td title='com.qa.tests.PersonalDetailsFormTest.fillFormTest()'><b>fillFormTest</b><br>Test class: com.qa.tests.PersonalDetailsFormTest<br>Parameters: Mark Parker, UK, London, 84884.0, 2.0, 2025.0</td>
<td></td>
<td>12</td>
<td>com.qa.tests.PersonalDetailsFormTest@a530d0a</td></tr>
<tr>
<td title='com.qa.tests.HomePageTest.productSelection()'><b>productSelection</b><br>Test class: com.qa.tests.HomePageTest<br>Parameters: Laptops, MacBook Pro</td>
<td></td>
<td>5</td>
<td>com.qa.tests.HomePageTest@7e7be63f</td></tr>
<tr>
<td title='com.qa.tests.HomePageTest.productSelection()'><b>productSelection</b><br>Test class: com.qa.tests.HomePageTest<br>Parameters: Phones, Nexus 6</td>
<td></td>
<td>5</td>
<td>com.qa.tests.HomePageTest@7e7be63f</td></tr>
<tr>
<td title='com.qa.tests.HomePageTest.LogoutPresentTest()'><b>LogoutPresentTest</b><br>Test class: com.qa.tests.HomePageTest</td>
<td></td>
<td>0</td>
<td>com.qa.tests.HomePageTest@7e7be63f</td></tr>
<tr>
<td title='com.qa.tests.ProductPageTest.CorrectProductAddedTest()'><b>CorrectProductAddedTest</b><br>Test class: com.qa.tests.ProductPageTest<br>Parameters: Monitors, ASUS Full HD</td>
<td></td>
<td>15</td>
<td>com.qa.tests.ProductPageTest@50b5ac82</td></tr>
<tr>
<td title='com.qa.tests.ProductPageTest.AddToCartBtnTest()'><b>AddToCartBtnTest</b><br>Test class: com.qa.tests.ProductPageTest<br>Parameters: Monitors, ASUS Full HD</td>
<td></td>
<td>13</td>
<td>com.qa.tests.ProductPageTest@50b5ac82</td></tr>
<tr>
<td title='com.qa.tests.PersonalDetailsFormTest.fillFormTest()'><b>fillFormTest</b><br>Test class: com.qa.tests.PersonalDetailsFormTest<br>Parameters: Chris Arbing, Canda, Calgary, 51515.0, 10.0, 2025.0</td>
<td></td>
<td>12</td>
<td>com.qa.tests.PersonalDetailsFormTest@a530d0a</td></tr>
<tr>
<td title='com.qa.tests.ProductPageTest.CorrectProductAddedTest()'><b>CorrectProductAddedTest</b><br>Test class: com.qa.tests.ProductPageTest<br>Parameters: Laptops, MacBook Pro</td>
<td></td>
<td>15</td>
<td>com.qa.tests.ProductPageTest@50b5ac82</td></tr>
<tr>
<td title='com.qa.tests.ShoppingCartPageTest.PlaceOrderBtnVerify()'><b>PlaceOrderBtnVerify</b><br>Test class: com.qa.tests.ShoppingCartPageTest<br>Parameters: Laptops, MacBook Pro</td>
<td></td>
<td>10</td>
<td>com.qa.tests.ShoppingCartPageTest@2f217633</td></tr>
<tr>
<td title='com.qa.tests.ProductPageTest.AddToCartBtnTest()'><b>AddToCartBtnTest</b><br>Test class: com.qa.tests.ProductPageTest<br>Parameters: Laptops, MacBook Pro</td>
<td></td>
<td>12</td>
<td>com.qa.tests.ProductPageTest@50b5ac82</td></tr>
<tr>
<td title='com.qa.tests.IndexPageTest.LoginFunctionalityTest()'><b>LoginFunctionalityTest</b><br>Test class: com.qa.tests.IndexPageTest</td>
<td></td>
<td>6</td>
<td>com.qa.tests.IndexPageTest@6cd28fa7</td></tr>
<tr>
<td title='com.qa.tests.PersonalDetailsFormTest.fillFormTest()'><b>fillFormTest</b><br>Test class: com.qa.tests.PersonalDetailsFormTest<br>Parameters: Montana Arthur, Australia, Sydney, 65110.0, 8.0, 2026.0</td>
<td></td>
<td>12</td>
<td>com.qa.tests.PersonalDetailsFormTest@a530d0a</td></tr>
<tr>
<td title='com.qa.tests.HomePageTest.productSelection()'><b>productSelection</b><br>Test class: com.qa.tests.HomePageTest<br>Parameters: Monitors, ASUS Full HD</td>
<td></td>
<td>5</td>
<td>com.qa.tests.HomePageTest@7e7be63f</td></tr>
</table><p>
</body>
</html>