<?xml version="1.0" encoding="UTF-8"?>
<testng-results ignored="0" total="4" passed="3" failed="1" skipped="0">
  <reporter-output>
  </reporter-output>
  <suite started-at="2021-07-25T14:57:01 EDT" name="Default suite" finished-at="2021-07-25T14:57:37 EDT" duration-ms="35711">
    <groups>
    </groups>
    <test started-at="2021-07-25T14:57:01 EDT" name="Default test" finished-at="2021-07-25T14:57:37 EDT" duration-ms="35711">
      <class name="com.qa.tests.IndexPageTest">
        <test-method is-config="true" signature="setUp()[pri:0, instance:com.qa.tests.IndexPageTest@2f8dad04]" started-at="2021-07-25T14:57:01 EDT" name="setUp" finished-at="2021-07-25T14:57:05 EDT" duration-ms="4570" status="PASS">
          <reporter-output>
          </reporter-output>
        </test-method> <!-- setUp -->
        <test-method signature="PageTitleTest()[pri:1, instance:com.qa.tests.IndexPageTest@2f8dad04]" started-at="2021-07-25T14:57:05 EDT" name="PageTitleTest" finished-at="2021-07-25T14:57:06 EDT" duration-ms="159" status="PASS">
          <reporter-output>
          </reporter-output>
        </test-method> <!-- PageTitleTest -->
        <test-method is-config="true" signature="tearDown()[pri:0, instance:com.qa.tests.IndexPageTest@2f8dad04]" started-at="2021-07-25T14:57:06 EDT" name="tearDown" finished-at="2021-07-25T14:57:10 EDT" duration-ms="4240" status="PASS">
          <reporter-output>
          </reporter-output>
        </test-method> <!-- tearDown -->
        <test-method is-config="true" signature="setUp()[pri:0, instance:com.qa.tests.IndexPageTest@2f8dad04]" started-at="2021-07-25T14:57:10 EDT" name="setUp" finished-at="2021-07-25T14:57:14 EDT" duration-ms="3825" status="PASS">
          <reporter-output>
          </reporter-output>
        </test-method> <!-- setUp -->
        <test-method signature="LinksPresentTest()[pri:2, instance:com.qa.tests.IndexPageTest@2f8dad04]" started-at="2021-07-25T14:57:14 EDT" name="LinksPresentTest" finished-at="2021-07-25T14:57:14 EDT" duration-ms="231" status="FAIL">
          <exception class="java.lang.AssertionError">
            <message>
              <![CDATA[expected [true] but found [false]]]>
            </message>
            <full-stacktrace>
              <![CDATA[java.lang.AssertionError: expected [true] but found [false]
at org.testng.Assert.fail(Assert.java:99)
at org.testng.Assert.failNotEquals(Assert.java:1037)
at org.testng.Assert.assertTrue(Assert.java:45)
at org.testng.Assert.assertTrue(Assert.java:55)
at com.qa.tests.IndexPageTest.LinksPresentTest(IndexPageTest.java:48)
at java.base/jdk.internal.reflect.NativeMethodAccessorImpl.invoke0(Native Method)
at java.base/jdk.internal.reflect.NativeMethodAccessorImpl.invoke(NativeMethodAccessorImpl.java:62)
at java.base/jdk.internal.reflect.DelegatingMethodAccessorImpl.invoke(DelegatingMethodAccessorImpl.java:43)
at java.base/java.lang.reflect.Method.invoke(Method.java:566)
at org.testng.internal.MethodInvocationHelper.invokeMethod(MethodInvocationHelper.java:133)
at org.testng.internal.TestInvoker.invokeMethod(TestInvoker.java:598)
at org.testng.internal.TestInvoker.invokeTestMethod(TestInvoker.java:173)
at org.testng.internal.MethodRunner.runInSequence(MethodRunner.java:46)
at org.testng.internal.TestInvoker$MethodInvocationAgent.invoke(TestInvoker.java:824)
at org.testng.internal.TestInvoker.invokeTestMethods(TestInvoker.java:146)
at org.testng.internal.TestMethodWorker.invokeTestMethods(TestMethodWorker.java:146)
at org.testng.internal.TestMethodWorker.run(TestMethodWorker.java:128)
at java.base/java.util.ArrayList.forEach(ArrayList.java:1541)
at org.testng.TestRunner.privateRun(TestRunner.java:794)
at org.testng.TestRunner.run(TestRunner.java:596)
at org.testng.SuiteRunner.runTest(SuiteRunner.java:377)
at org.testng.SuiteRunner.runSequentially(SuiteRunner.java:371)
at org.testng.SuiteRunner.privateRun(SuiteRunner.java:332)
at org.testng.SuiteRunner.run(SuiteRunner.java:276)
at org.testng.SuiteRunnerWorker.runSuite(SuiteRunnerWorker.java:53)
at org.testng.SuiteRunnerWorker.run(SuiteRunnerWorker.java:96)
at org.testng.TestNG.runSuitesSequentially(TestNG.java:1212)
at org.testng.TestNG.runSuitesLocally(TestNG.java:1134)
at org.testng.TestNG.runSuites(TestNG.java:1063)
at org.testng.TestNG.run(TestNG.java:1031)
at org.testng.remote.AbstractRemoteTestNG.run(AbstractRemoteTestNG.java:115)
at org.testng.remote.RemoteTestNG.initAndRun(RemoteTestNG.java:251)
at org.testng.remote.RemoteTestNG.main(RemoteTestNG.java:77)
]]>
            </full-stacktrace>
          </exception> <!-- java.lang.AssertionError -->
          <reporter-output>
          </reporter-output>
        </test-method> <!-- LinksPresentTest -->
        <test-method is-config="true" signature="tearDown()[pri:0, instance:com.qa.tests.IndexPageTest@2f8dad04]" started-at="2021-07-25T14:57:14 EDT" name="tearDown" finished-at="2021-07-25T14:57:18 EDT" duration-ms="3818" status="PASS">
          <reporter-output>
          </reporter-output>
        </test-method> <!-- tearDown -->
        <test-method is-config="true" signature="setUp()[pri:0, instance:com.qa.tests.IndexPageTest@2f8dad04]" started-at="2021-07-25T14:57:18 EDT" name="setUp" finished-at="2021-07-25T14:57:22 EDT" duration-ms="4146" status="PASS">
          <reporter-output>
          </reporter-output>
        </test-method> <!-- setUp -->
        <test-method signature="LoginFunctionalityTest()[pri:3, instance:com.qa.tests.IndexPageTest@2f8dad04]" started-at="2021-07-25T14:57:22 EDT" name="LoginFunctionalityTest" finished-at="2021-07-25T14:57:25 EDT" duration-ms="2724" status="PASS">
          <reporter-output>
          </reporter-output>
        </test-method> <!-- LoginFunctionalityTest -->
        <test-method is-config="true" signature="tearDown()[pri:0, instance:com.qa.tests.IndexPageTest@2f8dad04]" started-at="2021-07-25T14:57:25 EDT" name="tearDown" finished-at="2021-07-25T14:57:29 EDT" duration-ms="4052" status="PASS">
          <reporter-output>
          </reporter-output>
        </test-method> <!-- tearDown -->
        <test-method is-config="true" signature="setUp()[pri:0, instance:com.qa.tests.IndexPageTest@2f8dad04]" started-at="2021-07-25T14:57:29 EDT" name="setUp" finished-at="2021-07-25T14:57:32 EDT" duration-ms="3712" status="PASS">
          <reporter-output>
          </reporter-output>
        </test-method> <!-- setUp -->
        <test-method signature="AboutUsFooterTest()[pri:4, instance:com.qa.tests.IndexPageTest@2f8dad04]" started-at="2021-07-25T14:57:32 EDT" name="AboutUsFooterTest" finished-at="2021-07-25T14:57:33 EDT" duration-ms="385" status="PASS">
          <reporter-output>
          </reporter-output>
        </test-method> <!-- AboutUsFooterTest -->
        <test-method is-config="true" signature="tearDown()[pri:0, instance:com.qa.tests.IndexPageTest@2f8dad04]" started-at="2021-07-25T14:57:33 EDT" name="tearDown" finished-at="2021-07-25T14:57:36 EDT" duration-ms="3760" status="PASS">
          <reporter-output>
          </reporter-output>
        </test-method> <!-- tearDown -->
      </class> <!-- com.qa.tests.IndexPageTest -->
    </test> <!-- Default test -->
  </suite> <!-- Default suite -->
</testng-results>
